<?xml version="1.0" encoding="UTF-8"?>
<testsuite name="tests.LoginTests" tests="3" skipped="0" failures="0" errors="0" timestamp="2023-07-22T05:45:18" hostname="DESKTOP-Q6AEDAC" time="16.438">
  <properties/>
  <testcase name="loginNegativeTestBase" classname="tests.LoginTests" time="2.83"/>
  <testcase name="loginPositiveTest" classname="tests.LoginTests" time="4.186"/>
  <testcase name="loginPositiveTestBase" classname="tests.LoginTests" time="4.132"/>
  <system-out><![CDATA[]]></system-out>
  <system-err><![CDATA[console.warn: LoginRecipes: "Falling back to a synchronous message for: https://telranedu.web.app."
console.warn: LoginRecipes: "Falling back to a synchronous message for: https://telranedu.web.app."
console.warn: LoginRecipes: "Falling back to a synchronous message for: https://telranedu.web.app."
]]></system-err>
</testsuite>
