<?xml version="1.0" encoding="UTF-8"?>
<testsuite name="tests.AddNewContactTests" tests="3" skipped="0" failures="0" errors="0" timestamp="2023-07-22T07:04:29" hostname="DESKTOP-Q6AEDAC" time="26.165">
  <properties/>
  <testcase name="addNewContactPositive" classname="tests.AddNewContactTests" time="8.904"/>
  <testcase name="addNewContactPositive" classname="tests.AddNewContactTests" time="9.897"/>
  <testcase name="addNewContactPositive" classname="tests.AddNewContactTests" time="7.265"/>
  <system-out><![CDATA[]]></system-out>
  <system-err><![CDATA[]]></system-err>
</testsuite>
